<?xml version="1.0" encoding="UTF-8"?>
<!-- Generated by org.testng.reporters.JUnitXMLReporter -->
<testsuite hostname="TVTHP" ignored="0" name="SampleTest" tests="2" failures="0" timestamp="20 Jun 2019 10:56:50 GMT" time="2.212" errors="0">
  <testcase name="@BeforeTest before" time="1.797" classname="org.C_zentrix.org.C_zentrix.Test_czentrix">
    <failure type="java.lang.IllegalStateException" message="The driver executable does not exist: D:\himanshu\firefoxdriver64\geckodriver.exe">
      <![CDATA[java.lang.IllegalStateException: The driver executable does not exist: D:\himanshu\firefoxdriver64\geckodriver.exe
at com.google.common.base.Preconditions.checkState(Preconditions.java:585)
at org.openqa.selenium.remote.service.DriverService.checkExecutable(DriverService.java:137)
at org.openqa.selenium.remote.service.DriverService.findExecutable(DriverService.java:132)
at org.openqa.selenium.firefox.GeckoDriverService.access$100(GeckoDriverService.java:43)
at org.openqa.selenium.firefox.GeckoDriverService$Builder.findDefaultExecutable(GeckoDriverService.java:168)
at org.openqa.selenium.remote.service.DriverService$Builder.build(DriverService.java:346)
at org.openqa.selenium.firefox.FirefoxDriver.toExecutor(FirefoxDriver.java:168)
at org.openqa.selenium.firefox.FirefoxDriver.<init>(FirefoxDriver.java:125)
at org.openqa.selenium.firefox.FirefoxDriver.<init>(FirefoxDriver.java:103)
at org.C_zentrix.org.C_zentrix.MethodClass.openBrowser(MethodClass.java:39)
at org.C_zentrix.org.C_zentrix.Test_czentrix.before(Test_czentrix.java:33)
... Removed 24 stack frames]]>
    </failure>
  </testcase> <!-- @BeforeTest before -->
  <testcase name="@AfterMethod getResult" time="0.0" classname="org.C_zentrix.org.C_zentrix.Test_czentrix">
    <skipped/>
  </testcase> <!-- @AfterMethod getResult -->
  <testcase name="@AfterMethod getResult" time="0.0" classname="org.C_zentrix.org.C_zentrix.Test_czentrix">
    <skipped/>
  </testcase> <!-- @AfterMethod getResult -->
  <testcase name="@AfterTest endReport" time="0.0" classname="org.C_zentrix.org.C_zentrix.Test_czentrix">
    <skipped/>
  </testcase> <!-- @AfterTest endReport -->
  <testcase name="test2" time="0.0" classname="org.C_zentrix.org.C_zentrix.Test_czentrix">
    <skipped/>
  </testcase> <!-- test2 -->
  <testcase name="campaignTest" time="0.0" classname="org.C_zentrix.org.C_zentrix.Test_czentrix">
    <skipped/>
  </testcase> <!-- campaignTest -->
</testsuite> <!-- SampleTest -->
